<?xml version="1.0" encoding="UTF-8"?>
<testng-results ignored="0" total="2" passed="2" failed="0" skipped="0">
  <reporter-output>
    <line>
      <![CDATA[Launching Browser]]>
    </line>
    <line>
      <![CDATA[Clicing on SignIn button]]>
    </line>
    <line>
      <![CDATA[ntering Mobile number]]>
    </line>
    <line>
      <![CDATA[Clicking Login Button]]>
    </line>
    <line>
      <![CDATA[Entering Password]]>
    </line>
    <line>
      <![CDATA[Entering Submit Button]]>
    </line>
    <line>
      <![CDATA[Clicking OK button]]>
    </line>
    <line>
      <![CDATA[Clicking close button]]>
    </line>
    <line>
      <![CDATA[Getting Balance...]]>
    </line>
    <line>
      <![CDATA[Actual Balance isRs.5,00,000.00...]]>
    </line>
    <line>
      <![CDATA[Clicing on SignIn button]]>
    </line>
    <line>
      <![CDATA[ntering Mobile number]]>
    </line>
    <line>
      <![CDATA[Clicking Login Button]]>
    </line>
    <line>
      <![CDATA[Entering Password]]>
    </line>
    <line>
      <![CDATA[Entering Submit Button]]>
    </line>
    <line>
      <![CDATA[No Popup, proceeding further]]>
    </line>
    <line>
      <![CDATA[real User Name is Shoaib Pathan]]>
    </line>
  </reporter-output>
  <suite started-at="2022-12-17T07:05:29 IST" name="Default suite" finished-at="2022-12-17T07:07:19 IST" duration-ms="109444">
    <groups>
    </groups>
    <test started-at="2022-12-17T07:05:29 IST" name="Default test" finished-at="2022-12-17T07:07:19 IST" duration-ms="109444">
      <class name="neoStoxTestClass.ValidteUserName">
        <test-method is-config="true" signature="launchNeoStox()[pri:0, instance:neoStoxTestClass.ValidteUserName@4efac082]" started-at="2022-12-17T07:05:29 IST" name="launchNeoStox" finished-at="2022-12-17T07:05:54 IST" duration-ms="24567" status="PASS">
          <reporter-output>
            <line>
              <![CDATA[Launching Browser]]>
            </line>
          </reporter-output>
        </test-method> <!-- launchNeoStox -->
        <test-method is-config="true" signature="loginToStox()[pri:0, instance:neoStoxTestClass.ValidteUserName@4efac082]" started-at="2022-12-17T07:05:54 IST" name="loginToStox" finished-at="2022-12-17T07:06:42 IST" duration-ms="47842" status="PASS">
          <reporter-output>
            <line>
              <![CDATA[Clicing on SignIn button]]>
            </line>
            <line>
              <![CDATA[ntering Mobile number]]>
            </line>
            <line>
              <![CDATA[Clicking Login Button]]>
            </line>
            <line>
              <![CDATA[Entering Password]]>
            </line>
            <line>
              <![CDATA[Entering Submit Button]]>
            </line>
            <line>
              <![CDATA[Clicking OK button]]>
            </line>
            <line>
              <![CDATA[Clicking close button]]>
            </line>
          </reporter-output>
        </test-method> <!-- loginToStox -->
        <test-method signature="gettingBalance()[pri:0, instance:neoStoxTestClass.ValidteUserName@4efac082]" started-at="2022-12-17T07:06:42 IST" name="gettingBalance" finished-at="2022-12-17T07:06:45 IST" duration-ms="3104" status="PASS">
          <reporter-output>
            <line>
              <![CDATA[Getting Balance...]]>
            </line>
            <line>
              <![CDATA[Actual Balance isRs.5,00,000.00...]]>
            </line>
          </reporter-output>
        </test-method> <!-- gettingBalance -->
        <test-method is-config="true" signature="logoutfromNeoStox()[pri:0, instance:neoStoxTestClass.ValidteUserName@4efac082]" started-at="2022-12-17T07:06:45 IST" name="logoutfromNeoStox" finished-at="2022-12-17T07:06:51 IST" duration-ms="6549" status="PASS">
          <reporter-output>
          </reporter-output>
        </test-method> <!-- logoutfromNeoStox -->
        <test-method is-config="true" signature="loginToStox()[pri:0, instance:neoStoxTestClass.ValidteUserName@4efac082]" started-at="2022-12-17T07:06:52 IST" name="loginToStox" finished-at="2022-12-17T07:07:11 IST" duration-ms="19527" status="PASS">
          <reporter-output>
            <line>
              <![CDATA[Clicing on SignIn button]]>
            </line>
            <line>
              <![CDATA[ntering Mobile number]]>
            </line>
            <line>
              <![CDATA[Clicking Login Button]]>
            </line>
            <line>
              <![CDATA[Entering Password]]>
            </line>
            <line>
              <![CDATA[Entering Submit Button]]>
            </line>
            <line>
              <![CDATA[No Popup, proceeding further]]>
            </line>
          </reporter-output>
        </test-method> <!-- loginToStox -->
        <test-method signature="validateUserName()[pri:0, instance:neoStoxTestClass.ValidteUserName@4efac082]" started-at="2022-12-17T07:07:11 IST" name="validateUserName" finished-at="2022-12-17T07:07:12 IST" duration-ms="520" status="PASS">
          <reporter-output>
            <line>
              <![CDATA[real User Name is Shoaib Pathan]]>
            </line>
          </reporter-output>
        </test-method> <!-- validateUserName -->
        <test-method is-config="true" signature="logoutfromNeoStox()[pri:0, instance:neoStoxTestClass.ValidteUserName@4efac082]" started-at="2022-12-17T07:07:12 IST" name="logoutfromNeoStox" finished-at="2022-12-17T07:07:18 IST" duration-ms="6392" status="PASS">
          <reporter-output>
          </reporter-output>
        </test-method> <!-- logoutfromNeoStox -->
        <test-method is-config="true" signature="closeBrowser()[pri:0, instance:neoStoxTestClass.ValidteUserName@4efac082]" started-at="2022-12-17T07:07:18 IST" name="closeBrowser" finished-at="2022-12-17T07:07:19 IST" duration-ms="805" status="PASS">
          <reporter-output>
          </reporter-output>
        </test-method> <!-- closeBrowser -->
      </class> <!-- neoStoxTestClass.ValidteUserName -->
    </test> <!-- Default test -->
  </suite> <!-- Default suite -->
</testng-results>
